     1 00000000                                 ; haribote-ipl
     2 00000000                                 ; TAB=4
     3 00000000                                 
     4  = 0000000A                              CYLS EQU 10 ;CYLS=10 10个柱面
     5 00000000                                 
     6                                          	ORG 0x7c00 ; 代码的机器语言装载到0x7c00
     7 00007C00                                 
     8 00007C00                                 ; 标准FAT12格式软盘专用的代码
     9 00007C00 EB 4E                           	JMP entry
    10 00007C02 90                              	DB 0x90
    11 00007C03 48 41 52 49 42 4F 54 45         	DB "HARIBOTE" ; 启动区名称 8B
    12 00007C0B 0200                            	DW 512 ; 每个扇区大小 *512B
    13 00007C0D 01                              	DB 1 ; 簇大小 *1个扇区
    14 00007C0E 0001                            	DW 1 ; FAT起始位置 一般是第1个扇区
    15 00007C10 02                              	DB 2 ; FAT的个数 *2
    16 00007C11 00E0                            	DW 224 ; 根目录大小 一般224项
    17 00007C13 0B40                            	DW 2880 ; 磁盘大小 *2280扇区
    18 00007C15 F0                              	DB 0xf0 ; 磁盘种类 *0xf0
    19 00007C16 0009                            	DW 9 ; FAT长度 *9扇区
    20 00007C18 0012                            	DW 18 ; 一个磁道有*18个扇区
    21 00007C1A 0002                            	DW 2 ; 磁头数*2
    22 00007C1C 00000000                        	DD 0 ; 不使用分区*0
    23 00007C20 00000B40                        	DD 2880 ; 重写磁盘大小
    24 00007C24 00 00 29                        	DB 0,0,0x29 ; *
    25 00007C27 FFFFFFFF                        	DD 0xffffffff ; maybe卷标号码
    26 00007C2B 48 41 52 49 42 4F 54 45 4F 53   	DB "HARIBOTEOS " ; 磁盘名称 11B
       00007C35 20 
    27 00007C36 46 41 54 31 32 20 20 20         	DB "FAT12   " ; 磁盘格式名称 8B
    28 00007C3E 00 00 00 00 00 00 00 00 00 00   	RESB 18 ; 空出18B
       00007C48 00 00 00 00 00 00 00 00 
    29 00007C50                                 
    30 00007C50                                 ; 程序主体
    31 00007C50                                 entry:
    32 00007C50 B8 0000                         	MOV AX,0 ;初始化寄存器
    33 00007C53 8E D0                           	MOV SS,AX ;栈段寄存器
    34 00007C55 BC 7C00                         	MOV SP,0x7c00 ;栈指针寄存器
    35 00007C58 8E D8                           	MOV DS,AX ;代码段寄存器 默认是DS
    36 00007C5A                                 	
    37 00007C5A B8 0820                         	MOV AX,0x0820
    38 00007C5D 8E C0                           	MOV ES,AX
    39 00007C5F B5 00                           	MOV CH,0 ; 柱面0
    40 00007C61 B6 00                           	MOV DH,0 ; 磁头0
    41 00007C63 B1 02                           	MOV CL,2 ; 扇区2
    42 00007C65                                 
    43 00007C65                                 readloop:
    44 00007C65 BE 0000                         	MOV SI,0 ; 记录失败次数的寄存器
    45 00007C68                                 	
    46 00007C68                                 retry:
    47 00007C68 B4 02                           	MOV AH,0x02 ; 读盘操作
    48 00007C6A B0 01                           	MOV AL,1 ; 读一个扇区
    49 00007C6C BB 0000                         	MOV BX,0 ; ES:BX缓冲地址
    50 00007C6F B2 00                           	MOV DL,0x00 ; 0号驱动器
    51 00007C71 CD 13                           	INT 0x13 ; 调用BIOS
    52 00007C73 73 10                           	JNC next ; CF=0 没有错误
    53 00007C75                                 
    54 00007C75                                 	;5次试错
    55 00007C75 83 C6 01                        	ADD SI,1
    56 00007C78 83 FE 05                        	CMP SI,5
    57 00007C7B 73 32                           	JAE error
    58 00007C7D B4 00                           	MOV AH,0x00
    59 00007C7F B2 00                           	MOV DL,0x00
    60 00007C81 CD 13                           	INT 0x13 ;系统复位
    61 00007C83 EB E3                           	JMP retry
    62 00007C85                                 
    63 00007C85                                 next:
    64 00007C85                                     ; 读18个扇区(CL:1-18)
    65 00007C85 8C C0                           	MOV AX,ES
    66 00007C87 05 0020                         	ADD AX,0x0020
    67 00007C8A 8E C0                           	MOV ES,AX ;跳转到下一个扇区
    68 00007C8C 80 C1 01                        	ADD CL,1
    69 00007C8F 80 F9 12                        	CMP CL,18
    70 00007C92 76 D1                           	JBE readloop
    71 00007C94                                 	
    72 00007C94                                 	;2个磁头(DH:0-1)
    73 00007C94 B1 01                           	MOV CL,1
    74 00007C96 80 C6 01                        	ADD DH,1
    75 00007C99 80 FE 02                        	CMP DH,2
    76 00007C9C 72 C7                           	JB readloop
    77 00007C9E                                 	
    78 00007C9E                                 	;$CYLS个柱面(CH:0-79)
    79 00007C9E B6 00                           	MOV DH,0
    80 00007CA0 80 C5 01                        	ADD CH,1
    81 00007CA3 80 FD 0A                        	CMP CH,CYLS
    82 00007CA6 72 BD                           	JB readloop
    83 00007CA8                                 	
    84 00007CA8 88 2E 0FF0                      	MOV [0x0ff0],CH ;将CYLS的值写到内存地址0x0ff0中
    85 00007CAC E9 4551                         	JMP 0xc200 ;读完磁盘后跳转到sys内容的位置
    86 00007CAF                                 
    87 00007CAF                                 error:
    88 00007CAF BE 7CC7                         	MOV SI,msg ;源变址寄存器 SI指向msg的地址
    89 00007CB2                                 
    90 00007CB2                                 putloop:
    91 00007CB2 8A 04                           	MOV AL,[SI] ; MOV AL,[msg地址] = msg的1B内容放在AL中
    92 00007CB4 83 C6 01                        	ADD SI,1
    93 00007CB7 3C 00                           	CMP AL,0 ;SI向下指直到“0”
    94 00007CB9 74 09                           	JE fin
    95 00007CBB B4 0E                           	MOV AH,0x0e ;AL=character code
    96 00007CBD BB 000F                         	MOV BX,15 ;BH=0,BL=color code
    97 00007CC0 CD 10                           	INT 0x10
    98 00007CC2 EB EE                           	JMP putloop
    99 00007CC4                                 	
   100 00007CC4                                 fin:
   101 00007CC4 F4                              	HLT ;CPU进入待机状态
   102 00007CC5 EB FD                           	JMP fin
   103 00007CC7                                 
   104 00007CC7                                 msg:
   105 00007CC7 0A 0A                           	DB 0x0a, 0x0a ; 两个换行
   106 00007CC9 6C 6F 61 64 20 65 72 72 6F 72   	DB "load error"
   107 00007CD3 0A                              	DB 0x0a ; 换行
   108 00007CD4 00                              	DB 0 
   109 00007CD5                                 	
   110 00007CD5 00 00 00 00 00 00 00 00 00 00   	RESB 0x7dfe-$ ; 在0x7dfe之前写0 $:这一行现在的字节数
       00007CDF 00 00 00 00 00 00 00 00 00 00 
       00007CE9 00 00 00 00 00 00 00 00 00 00 
       00007CF3 00 00 00 00 00 00 00 00 00 00 
       00007CFD 00 00 00 00 00 00 00 00 00 00 
       00007D07 00 00 00 00 00 00 00 00 00 00 
       00007D11 00 00 00 00 00 00 00 00 00 00 
       00007D1B 00 00 00 00 00 00 00 00 00 00 
       00007D25 00 00 00 00 00 00 00 00 00 00 
       00007D2F 00 00 00 00 00 00 00 00 00 00 
       00007D39 00 00 00 00 00 00 00 00 00 00 
       00007D43 00 00 00 00 00 00 00 00 00 00 
       00007D4D 00 00 00 00 00 00 00 00 00 00 
       00007D57 00 00 00 00 00 00 00 00 00 00 
       00007D61 00 00 00 00 00 00 00 00 00 00 
       00007D6B 00 00 00 00 00 00 00 00 00 00 
       00007D75 00 00 00 00 00 00 00 00 00 00 
       00007D7F 00 00 00 00 00 00 00 00 00 00 
       00007D89 00 00 00 00 00 00 00 00 00 00 
       00007D93 00 00 00 00 00 00 00 00 00 00 
       00007D9D 00 00 00 00 00 00 00 00 00 00 
       00007DA7 00 00 00 00 00 00 00 00 00 00 
       00007DB1 00 00 00 00 00 00 00 00 00 00 
       00007DBB 00 00 00 00 00 00 00 00 00 00 
       00007DC5 00 00 00 00 00 00 00 00 00 00 
       00007DCF 00 00 00 00 00 00 00 00 00 00 
       00007DD9 00 00 00 00 00 00 00 00 00 00 
       00007DE3 00 00 00 00 00 00 00 00 00 00 
       00007DED 00 00 00 00 00 00 00 00 00 00 
       00007DF7 00 00 00 00 00 00 00 
   111 00007DFE                                 	
   112 00007DFE 55 AA                           	DB 0x55, 0xaa
